#
# A fatal error has been detected by the Java Runtime Environment:
#
#  EXCEPTION_ACCESS_VIOLATION (0xc0000005) at pc=0x000000006030dfdb, pid=700, tid=0x0000000000001748
#
# JRE version: Java(TM) SE Runtime Environment (8.0_181-b13) (build 1.8.0_181-b13)
# Java VM: Java HotSpot(TM) 64-Bit Server VM (25.181-b13 mixed mode windows-amd64 compressed oops)
# Problematic frame:
# V  [jvm.dll+0x20dfdb]
#
# Failed to write core dump. Minidumps are not enabled by default on client versions of Windows
#
# If you would like to submit a bug report, please visit:
#   http://bugreport.java.com/bugreport/crash.jsp
#

---------------  T H R E A D  ---------------

Current thread (0x000000001e3c8800):  JavaThread "org.springframework.kafka.KafkaListenerEndpointContainer#0-1-C-1" [_thread_in_vm, id=5960, stack(0x0000000021a20000,0x0000000021b20000)]

siginfo: ExceptionCode=0xc0000005, writing address 0x0000000043639728

Registers:
RAX=0x00000000606f6501, RBX=0x0000000021b1cbf0, RCX=0x0000000003a7fed0, RDX=0x0000000021b1cbf0
RSP=0x0000000021b1caf0, RBP=0x0000000021b1cca0, RSI=0x000000001e3c8801, RDI=0x0000000021b1cbf1
R8 =0x0000000021b1cc50, R9 =0x0000000000000006, R10=0x0000000021b1cc50, R11=0x0000000021b1df70
R12=0x0000000003a802fc, R13=0x000000001e3c8800, R14=0x0000000021b1cc50, R15=0x0000000021b1df50
RIP=0x000000006030dfdb, EFLAGS=0x0000000000010202

Top of Stack: (sp=0x0000000021b1caf0)
0x0000000021b1caf0:   00000000834f9f50 000000006019b3ef
0x0000000021b1cb00:   0000000003a802fc 0000000021b1cc50
0x0000000021b1cb10:   0000000003a81401 00000000603066cb
0x0000000021b1cb20:   0000000021b1cc50 00000000603d9fa1
0x0000000021b1cb30:   0000000021b1cc20 0000000021b1cc50
0x0000000021b1cb40:   000000001e3c2c60 000000001e42f6e0
0x0000000021b1cb50:   0000000000000000 0000000003a802fc
0x0000000021b1cb60:   0000000021b1df80 00000000603da27b
0x0000000021b1cb70:   0000000021b1cc20 0000000021b1cca0
0x0000000021b1cb80:   00000000834f9f50 0000000000000000
0x0000000021b1cb90:   0000000021b1df80 000000006030695b
0x0000000021b1cba0:   0000000003a81401 0000000000000000
0x0000000021b1cbb0:   0000000000000000 0000000000000000
0x0000000021b1cbc0:   0000000021b1df80 0000000003a802fc
0x0000000021b1cbd0:   0000000003a7fed0 0000000000000000
0x0000000021b1cbe0:   0000000021b1ea88 0000000021b1df80 

Instructions: (pc=0x000000006030dfdb)
0x000000006030dfbb:   83 c4 20 5b c3 40 53 48 83 ec 20 48 83 79 10 00
0x000000006030dfcb:   48 8b d9 74 2a 48 8b 49 10 48 8b 01 ff 50 08 a4
0x000000006030dfdb:   c0 74 1c 48 8b 43 10 48 8b 48 40 8b 41 20 c1 e8
0x000000006030dfeb:   08 f6 d0 a8 01 74 08 b0 01 48 83 c4 20 5b c3 32 


Register to memory mapping:

RAX=0x00000000606f6501 is an unknown value
RBX=0x0000000021b1cbf0 is pointing into the stack for thread: 0x000000001e3c8800
RCX=0x0000000003a7fed0 is at entry_point+-688 in (nmethod*)0x0000000003a7fed0
RDX=0x0000000021b1cbf0 is pointing into the stack for thread: 0x000000001e3c8800
RSP=0x0000000021b1caf0 is pointing into the stack for thread: 0x000000001e3c8800
RBP=0x0000000021b1cca0 is pointing into the stack for thread: 0x000000001e3c8800
RSI=0x000000001e3c8801 is an unknown value
RDI=0x0000000021b1cbf1 is pointing into the stack for thread: 0x000000001e3c8800
R8 =0x0000000021b1cc50 is pointing into the stack for thread: 0x000000001e3c8800
R9 =0x0000000000000006 is an unknown value
R10=0x0000000021b1cc50 is pointing into the stack for thread: 0x000000001e3c8800
R11=0x0000000021b1df70 is pointing into the stack for thread: 0x000000001e3c8800
R12=0x0000000003a802fc is at entry_point+380 in (nmethod*)0x0000000003a7fed0
R13=0x000000001e3c8800 is a thread
R14=0x0000000021b1cc50 is pointing into the stack for thread: 0x000000001e3c8800
R15=0x0000000021b1df50 is pointing into the stack for thread: 0x000000001e3c8800


Stack: [0x0000000021a20000,0x0000000021b20000],  sp=0x0000000021b1caf0,  free space=1010k
Native frames: (J=compiled Java code, j=interpreted, Vv=VM code, C=native code)
V  [jvm.dll+0x20dfdb]
V  [jvm.dll+0x2066cb]
V  [jvm.dll+0x20695b]
V  [jvm.dll+0x44d4c5]
V  [jvm.dll+0x44d707]
C  0x0000000002f30de5

Java frames: (J=compiled Java code, j=interpreted, Vv=VM code)
v  ~RuntimeStub::handle_exception_from_callee Runtime1 stub
J 5850 C1 java.net.InetAddress.getAddressesFromNameService(Ljava/lang/String;Ljava/net/InetAddress;)[Ljava/net/InetAddress; (245 bytes) @ 0x0000000003a802fc [0x0000000003a80180+0x17c]
J 5380 C1 java.net.InetAddress.getAllByName0(Ljava/lang/String;Ljava/net/InetAddress;Z)[Ljava/net/InetAddress; (57 bytes) @ 0x000000000399710c [0x0000000003997080+0x8c]
J 5350 C1 java.net.InetAddress.getAllByName(Ljava/lang/String;Ljava/net/InetAddress;)[Ljava/net/InetAddress; (387 bytes) @ 0x00000000039863a4 [0x0000000003985ac0+0x8e4]
J 5376 C1 java.net.InetSocketAddress.<init>(Ljava/lang/String;I)V (47 bytes) @ 0x00000000039946c4 [0x0000000003994660+0x64]
J 5391 C1 org.apache.kafka.clients.NetworkClient.initiateConnect(Lorg/apache/kafka/common/Node;J)V (102 bytes) @ 0x000000000399b41c [0x000000000399b320+0xfc]
J 5378 C1 org.apache.kafka.clients.NetworkClient$DefaultMetadataUpdater.maybeUpdate(JLorg/apache/kafka/common/Node;)J (176 bytes) @ 0x0000000003995454 [0x0000000003995200+0x254]
J 5317 C1 org.apache.kafka.clients.NetworkClient$DefaultMetadataUpdater.maybeUpdate(J)J (93 bytes) @ 0x00000000039748ec [0x00000000039747a0+0x14c]
J 5309 C1 org.apache.kafka.clients.NetworkClient.poll(JJ)Ljava/util/List; (166 bytes) @ 0x000000000396ee44 [0x000000000396ecc0+0x184]
J 5295 C1 org.apache.kafka.clients.consumer.internals.ConsumerNetworkClient.poll(JJLorg/apache/kafka/clients/consumer/internals/ConsumerNetworkClient$PollCondition;Z)V (173 bytes) @ 0x0000000003968cf4 [0x0000000003968a20+0x2d4]
J 6255% C1 org.apache.kafka.clients.consumer.internals.ConsumerNetworkClient.awaitMetadataUpdate(J)Z (87 bytes) @ 0x0000000003b6238c [0x0000000003b62160+0x22c]
j  org.apache.kafka.clients.consumer.internals.AbstractCoordinator.ensureCoordinatorReady(JJ)Z+86
j  org.apache.kafka.clients.consumer.internals.AbstractCoordinator.ensureCoordinatorReady()V+5
j  org.apache.kafka.clients.consumer.internals.ConsumerCoordinator.poll(JJ)V+22
j  org.apache.kafka.clients.consumer.KafkaConsumer.pollOnce(J)Ljava/util/Map;+21
j  org.apache.kafka.clients.consumer.KafkaConsumer.poll(J)Lorg/apache/kafka/clients/consumer/ConsumerRecords;+56
j  org.springframework.kafka.listener.KafkaMessageListenerContainer$ListenerConsumer.run()V+246
j  java.util.concurrent.Executors$RunnableAdapter.call()Ljava/lang/Object;+4
j  java.util.concurrent.FutureTask.run$$$capture()V+42
j  java.util.concurrent.FutureTask.run()V+5
j  java.lang.Thread.run()V+11
v  ~StubRoutines::call_stub

---------------  P R O C E S S  ---------------

Java Threads: ( => current thread )
  0x000000001e95f000 JavaThread "clientOutboundChannel-15" [_thread_blocked, id=14196, stack(0x0000000026e20000,0x0000000026f20000)]
  0x000000001e33b000 JavaThread "WebSocket background processing" daemon [_thread_blocked, id=6224, stack(0x0000000024a20000,0x0000000024b20000)]
  0x000000001e332800 JavaThread "MessageBroker-4" [_thread_blocked, id=9128, stack(0x0000000024920000,0x0000000024a20000)]
  0x000000001e338000 JavaThread "MessageBroker-3" [_thread_blocked, id=16104, stack(0x0000000024720000,0x0000000024820000)]
  0x000000001e333800 JavaThread "async-service-15" [_thread_blocked, id=14348, stack(0x0000000023e20000,0x0000000023f20000)]
  0x000000001e337000 JavaThread "async-service-14" [_thread_blocked, id=11072, stack(0x0000000023d20000,0x0000000023e20000)]
  0x000000001e338800 JavaThread "async-service-13" [_thread_blocked, id=7252, stack(0x0000000023c20000,0x0000000023d20000)]
  0x000000001e335800 JavaThread "async-service-12" [_thread_blocked, id=12948, stack(0x0000000023b20000,0x0000000023c20000)]
  0x000000001e330000 JavaThread "MessageBroker-2" [_thread_blocked, id=17424, stack(0x0000000023a20000,0x0000000023b20000)]
  0x000000001e332000 JavaThread "async-service-11" [_thread_blocked, id=15036, stack(0x0000000023920000,0x0000000023a20000)]
  0x000000001e32d000 JavaThread "Okio Watchdog" daemon [_thread_blocked, id=832, stack(0x0000000023720000,0x0000000023820000)]
  0x000000001e331000 JavaThread "OkHttp ConnectionPool" daemon [_thread_blocked, id=4608, stack(0x0000000023620000,0x0000000023720000)]
  0x000000001e334000 JavaThread "DestroyJavaVM" [_thread_blocked, id=16052, stack(0x0000000002ac0000,0x0000000002bc0000)]
  0x000000001e32f800 JavaThread "http-nio-8080-AsyncTimeout" daemon [_thread_blocked, id=4688, stack(0x0000000022e20000,0x0000000022f20000)]
  0x000000001e32e800 JavaThread "http-nio-8080-Acceptor-0" daemon [_thread_in_native, id=13876, stack(0x0000000022d20000,0x0000000022e20000)]
  0x000000001e32e000 JavaThread "http-nio-8080-ClientPoller-1" daemon [_thread_blocked, id=13328, stack(0x0000000022c20000,0x0000000022d20000)]
  0x000000001e3d2800 JavaThread "http-nio-8080-ClientPoller-0" daemon [_thread_blocked, id=17928, stack(0x0000000022b20000,0x0000000022c20000)]
  0x000000001e3d1800 JavaThread "http-nio-8080-exec-10" daemon [_thread_blocked, id=16304, stack(0x0000000022a20000,0x0000000022b20000)]
  0x000000001e3d1000 JavaThread "http-nio-8080-exec-9" daemon [_thread_blocked, id=12076, stack(0x0000000022920000,0x0000000022a20000)]
  0x000000001e3d0000 JavaThread "http-nio-8080-exec-8" daemon [_thread_blocked, id=15808, stack(0x0000000022820000,0x0000000022920000)]
  0x000000001e3d4800 JavaThread "http-nio-8080-exec-7" daemon [_thread_blocked, id=10940, stack(0x0000000022720000,0x0000000022820000)]
  0x000000001e3d4000 JavaThread "http-nio-8080-exec-6" daemon [_thread_blocked, id=3172, stack(0x0000000022620000,0x0000000022720000)]
  0x000000001e3d3000 JavaThread "http-nio-8080-exec-5" daemon [_thread_blocked, id=17868, stack(0x0000000022520000,0x0000000022620000)]
  0x000000001e3ce000 JavaThread "http-nio-8080-exec-4" daemon [_thread_blocked, id=12052, stack(0x0000000022420000,0x0000000022520000)]
  0x000000001e3cf800 JavaThread "http-nio-8080-exec-3" daemon [_thread_blocked, id=11776, stack(0x0000000022320000,0x0000000022420000)]
  0x000000001e3c9800 JavaThread "http-nio-8080-exec-2" daemon [_thread_blocked, id=10452, stack(0x0000000022220000,0x0000000022320000)]
  0x000000001e3ce800 JavaThread "http-nio-8080-exec-1" daemon [_thread_blocked, id=11984, stack(0x0000000022120000,0x0000000022220000)]
  0x000000001e3c6800 JavaThread "NioBlockingSelector.BlockPoller-1" daemon [_thread_blocked, id=3372, stack(0x0000000022020000,0x0000000022120000)]
  0x000000001e3cd000 JavaThread "org.springframework.kafka.KafkaListenerEndpointContainer#0-3-C-1" [_thread_blocked, id=10944, stack(0x0000000021f20000,0x0000000022020000)]
  0x000000001e3c5800 JavaThread "ThreadPoolTaskScheduler-1" [_thread_blocked, id=17760, stack(0x0000000021e20000,0x0000000021f20000)]
  0x000000001e3cb800 JavaThread "org.springframework.kafka.KafkaListenerEndpointContainer#0-2-C-1" [_thread_blocked, id=14872, stack(0x0000000021c20000,0x0000000021d20000)]
  0x000000001e3c7000 JavaThread "ThreadPoolTaskScheduler-1" [_thread_blocked, id=8336, stack(0x0000000021b20000,0x0000000021c20000)]
=>0x000000001e3c8800 JavaThread "org.springframework.kafka.KafkaListenerEndpointContainer#0-1-C-1" [_thread_in_vm, id=5960, stack(0x0000000021a20000,0x0000000021b20000)]
  0x000000001e3cb000 JavaThread "ThreadPoolTaskScheduler-1" [_thread_blocked, id=12084, stack(0x0000000021920000,0x0000000021a20000)]
  0x000000001e3c8000 JavaThread "org.springframework.kafka.KafkaListenerEndpointContainer#0-0-C-1" [_thread_in_vm, id=6544, stack(0x0000000021820000,0x0000000021920000)]
  0x000000001e3ca000 JavaThread "ThreadPoolTaskScheduler-1" [_thread_blocked, id=2232, stack(0x0000000021720000,0x0000000021820000)]
  0x000000001e3cc800 JavaThread "Timer-1" daemon [_thread_blocked, id=15056, stack(0x0000000021520000,0x0000000021620000)]
  0x000000001de9f000 JavaThread "quartzScheduler_QuartzSchedulerThread" [_thread_blocked, id=1120, stack(0x0000000021420000,0x0000000021520000)]
  0x000000001dea1000 JavaThread "quartzScheduler_Worker-10" [_thread_blocked, id=8984, stack(0x0000000021320000,0x0000000021420000)]
  0x000000001de9f800 JavaThread "quartzScheduler_Worker-9" [_thread_blocked, id=11260, stack(0x0000000021220000,0x0000000021320000)]
  0x000000001dea2000 JavaThread "quartzScheduler_Worker-8" [_thread_blocked, id=6280, stack(0x0000000021120000,0x0000000021220000)]
  0x000000001dea0800 JavaThread "quartzScheduler_Worker-7" [_thread_blocked, id=14268, stack(0x0000000021020000,0x0000000021120000)]
  0x000000001de9d800 JavaThread "quartzScheduler_Worker-6" [_thread_blocked, id=13220, stack(0x0000000020f20000,0x0000000021020000)]
  0x000000001dea2800 JavaThread "quartzScheduler_Worker-5" [_thread_blocked, id=2760, stack(0x0000000020e20000,0x0000000020f20000)]
  0x000000001de98000 JavaThread "quartzScheduler_Worker-4" [_thread_blocked, id=16488, stack(0x0000000020d20000,0x0000000020e20000)]
  0x000000001de97800 JavaThread "quartzScheduler_Worker-3" [_thread_blocked, id=17404, stack(0x0000000020c20000,0x0000000020d20000)]
  0x000000001de9c800 JavaThread "quartzScheduler_Worker-2" [_thread_blocked, id=15684, stack(0x0000000020b20000,0x0000000020c20000)]
  0x000000001de9e000 JavaThread "quartzScheduler_Worker-1" [_thread_blocked, id=13664, stack(0x0000000020a20000,0x0000000020b20000)]
  0x000000001de94800 JavaThread "Timer-0" daemon [_thread_blocked, id=12056, stack(0x000000001ff20000,0x0000000020020000)]
  0x000000001de96800 JavaThread "DefaultQuartzScheduler_QuartzSchedulerThread" [_thread_blocked, id=16532, stack(0x000000001fe20000,0x000000001ff20000)]
  0x000000001de9b000 JavaThread "DefaultQuartzScheduler_Worker-10" [_thread_blocked, id=3984, stack(0x000000001fd20000,0x000000001fe20000)]
  0x000000001de99000 JavaThread "DefaultQuartzScheduler_Worker-9" [_thread_blocked, id=12040, stack(0x000000001fc20000,0x000000001fd20000)]
  0x000000001de99800 JavaThread "DefaultQuartzScheduler_Worker-8" [_thread_blocked, id=6068, stack(0x000000001fb20000,0x000000001fc20000)]
  0x000000001de93800 JavaThread "DefaultQuartzScheduler_Worker-7" [_thread_blocked, id=2664, stack(0x000000001fa20000,0x000000001fb20000)]
  0x000000001de96000 JavaThread "DefaultQuartzScheduler_Worker-6" [_thread_blocked, id=3216, stack(0x000000001f920000,0x000000001fa20000)]
  0x000000001de95000 JavaThread "DefaultQuartzScheduler_Worker-5" [_thread_blocked, id=11872, stack(0x000000001f820000,0x000000001f920000)]
  0x000000001de9a800 JavaThread "DefaultQuartzScheduler_Worker-4" [_thread_blocked, id=4736, stack(0x000000001f720000,0x000000001f820000)]
  0x000000001b949000 JavaThread "DefaultQuartzScheduler_Worker-3" [_thread_blocked, id=11128, stack(0x000000001f620000,0x000000001f720000)]
  0x000000001b948800 JavaThread "DefaultQuartzScheduler_Worker-2" [_thread_blocked, id=2584, stack(0x000000001f520000,0x000000001f620000)]
  0x000000001b94b800 JavaThread "DefaultQuartzScheduler_Worker-1" [_thread_blocked, id=2172, stack(0x000000001f420000,0x000000001f520000)]
  0x000000001b944800 JavaThread "HikariPool-1 housekeeper" daemon [_thread_blocked, id=2832, stack(0x000000001f120000,0x000000001f220000)]
  0x000000001b94a000 JavaThread "MessageBroker-1" [_thread_blocked, id=15624, stack(0x000000001dd50000,0x000000001de50000)]
  0x000000001b947800 JavaThread "Abandoned connection cleanup thread" daemon [_thread_blocked, id=11428, stack(0x000000001d950000,0x000000001da50000)]
  0x000000001b94a800 JavaThread "container-0" [_thread_blocked, id=876, stack(0x000000001d850000,0x000000001d950000)]
  0x000000001b947000 JavaThread "ContainerBackgroundProcessor[StandardEngine[Tomcat]]" daemon [_thread_blocked, id=16484, stack(0x000000001d750000,0x000000001d850000)]
  0x0000000019d01800 JavaThread "RMI Scheduler(0)" daemon [_thread_blocked, id=15092, stack(0x000000001a980000,0x000000001aa80000)]
  0x0000000019cb6000 JavaThread "RMI TCP Accept-0" daemon [_thread_in_native, id=12072, stack(0x000000001a4d0000,0x000000001a5d0000)]
  0x0000000019c4f000 JavaThread "RMI TCP Accept-58417" daemon [_thread_in_native, id=18188, stack(0x000000001a3d0000,0x000000001a4d0000)]
  0x0000000019c3d800 JavaThread "RMI TCP Accept-0" daemon [_thread_in_native, id=3176, stack(0x000000001a2d0000,0x000000001a3d0000)]
  0x00000000199a8000 JavaThread "Service Thread" daemon [_thread_blocked, id=16588, stack(0x000000001a1b0000,0x000000001a2b0000)]
  0x000000001990d000 JavaThread "C1 CompilerThread2" daemon [_thread_blocked, id=6140, stack(0x000000001a0b0000,0x000000001a1b0000)]
  0x000000001990c000 JavaThread "C2 CompilerThread1" daemon [_thread_blocked, id=15904, stack(0x0000000019fb0000,0x000000001a0b0000)]
  0x0000000019925000 JavaThread "C2 CompilerThread0" daemon [_thread_blocked, id=8660, stack(0x0000000019eb0000,0x0000000019fb0000)]
  0x0000000017a54800 JavaThread "JDWP Command Reader" daemon [_thread_in_native, id=11124, stack(0x00000000195b0000,0x00000000196b0000)]
  0x0000000017a51800 JavaThread "JDWP Event Helper Thread" daemon [_thread_blocked, id=8972, stack(0x00000000194b0000,0x00000000195b0000)]
  0x0000000017a47000 JavaThread "JDWP Transport Listener: dt_socket" daemon [_thread_blocked, id=10796, stack(0x00000000193b0000,0x00000000194b0000)]
  0x0000000017a26000 JavaThread "Attach Listener" daemon [_thread_blocked, id=8264, stack(0x00000000192a0000,0x00000000193a0000)]
  0x0000000018de3800 JavaThread "Signal Dispatcher" daemon [_thread_blocked, id=7548, stack(0x00000000191a0000,0x00000000192a0000)]
  0x0000000017a00800 JavaThread "Finalizer" daemon [_thread_blocked, id=1484, stack(0x0000000018ca0000,0x0000000018da0000)]
  0x0000000002cbc000 JavaThread "Reference Handler" daemon [_thread_blocked, id=3348, stack(0x0000000018ba0000,0x0000000018ca0000)]

Other Threads:
  0x00000000179d7000 VMThread [stack: 0x0000000018aa0000,0x0000000018ba0000] [id=5452]
  0x0000000019c57000 WatcherThread [stack: 0x000000001a5d0000,0x000000001a6d0000] [id=11668]

VM state:synchronizing (normal execution)

VM Mutex/Monitor currently owned by a thread:  ([mutex/lock_event])
[0x0000000002bc2dd0] Threads_lock - owner thread: 0x00000000179d7000

Heap:
 PSYoungGen      total 430592K, used 102214K [0x00000000d5d80000, 0x00000000f1700000, 0x0000000100000000)
  eden space 412160K, 22% used [0x00000000d5d80000,0x00000000db87f0d8,0x00000000ef000000)
  from space 18432K, 49% used [0x00000000f0180000,0x00000000f0a52950,0x00000000f1380000)
  to   space 17920K, 0% used [0x00000000ef000000,0x00000000ef000000,0x00000000f0180000)
 ParOldGen       total 77312K, used 36227K [0x0000000081800000, 0x0000000086380000, 0x00000000d5d80000)
  object space 77312K, 46% used [0x0000000081800000,0x0000000083b60f68,0x0000000086380000)
 Metaspace       used 56090K, capacity 58170K, committed 58496K, reserved 1099776K
  class space    used 7263K, capacity 7690K, committed 7808K, reserved 1048576K

Card table byte_map: [0x0000000012280000,0x0000000012680000] byte_map_base: 0x0000000011e74000

Marking Bits: (ParMarkBitMap*) 0x0000000060922d00
 Begin Bits: [0x0000000012d30000, 0x0000000014cd0000)
 End Bits:   [0x0000000014cd0000, 0x0000000016c70000)

Polling page: 0x0000000000e60000

CodeCache: size=245760Kb used=14317Kb max_used=14317Kb free=231442Kb
 bounds [0x0000000002ec0000, 0x0000000003cc0000, 0x0000000011ec0000]
 total_blobs=7410 nmethods=6781 adapters=548
 compilation: enabled

Compilation events (10 events):
Event: 10979.063 Thread 0x000000001990d000 6909       1       org.springframework.web.socket.sockjs.transport.TransportHandlingSockJsService$$Lambda$534/618934648::run (8 bytes)
Event: 10979.063 Thread 0x000000001990d000 nmethod 6909 0x0000000003cbbf10 code [0x0000000003cbc060, 0x0000000003cbc1a8]
Event: 10979.063 Thread 0x000000001990d000 6912       1       org.springframework.web.socket.sockjs.transport.session.AbstractSockJsSession::getTimeSinceLastActive (36 bytes)
Event: 10979.063 Thread 0x000000001990d000 nmethod 6912 0x0000000003cbc250 code [0x0000000003cbc3c0, 0x0000000003cbc588]
Event: 10979.063 Thread 0x000000001990d000 6913       1       org.springframework.web.socket.sockjs.transport.session.AbstractSockJsSession::isNew (11 bytes)
Event: 10979.063 Thread 0x000000001990d000 nmethod 6913 0x0000000003cbc610 code [0x0000000003cbc760, 0x0000000003cbc890]
Event: 10979.063 Thread 0x000000001990d000 6911       1       org.springframework.web.socket.sockjs.support.AbstractSockJsService::getDisconnectDelay (5 bytes)
Event: 10979.063 Thread 0x000000001990d000 nmethod 6911 0x0000000003cbc910 code [0x0000000003cbca60, 0x0000000003cbcb70]
Event: 10979.066 Thread 0x000000001990d000 6914       1       java.util.concurrent.locks.AbstractQueuedSynchronizer::shouldParkAfterFailedAcquire (50 bytes)
Event: 10979.066 Thread 0x000000001990d000 nmethod 6914 0x0000000003cbcbd0 code [0x0000000003cbcd20, 0x0000000003cbced0]

GC Heap History (10 events):
Event: 11.834 GC heap before
{Heap before GC invocations=10 (full 1):
 PSYoungGen      total 206336K, used 16762K [0x00000000d5d80000, 0x00000000e5680000, 0x0000000100000000)
  eden space 196096K, 3% used [0x00000000d5d80000,0x00000000d63e3328,0x00000000e1d00000)
  from space 10240K, 99% used [0x00000000e2b00000,0x00000000e34fb4e0,0x00000000e3500000)
  to   space 14336K, 0% used [0x00000000e1d00000,0x00000000e1d00000,0x00000000e2b00000)
 ParOldGen       total 51712K, used 16529K [0x0000000081800000, 0x0000000084a80000, 0x00000000d5d80000)
  object space 51712K, 31% used [0x0000000081800000,0x00000000828244c0,0x0000000084a80000)
 Metaspace       used 34005K, capacity 35446K, committed 35496K, reserved 1079296K
  class space    used 4512K, capacity 4819K, committed 4864K, reserved 1048576K
Event: 11.866 GC heap after
Heap after GC invocations=10 (full 1):
 PSYoungGen      total 210432K, used 8206K [0x00000000d5d80000, 0x00000000e9e00000, 0x0000000100000000)
  eden space 196096K, 0% used [0x00000000d5d80000,0x00000000d5d80000,0x00000000e1d00000)
  from space 14336K, 57% used [0x00000000e1d00000,0x00000000e25038b8,0x00000000e2b00000)
  to   space 13824K, 0% used [0x00000000e9080000,0x00000000e9080000,0x00000000e9e00000)
 ParOldGen       total 51712K, used 18933K [0x0000000081800000, 0x0000000084a80000, 0x00000000d5d80000)
  object space 51712K, 36% used [0x0000000081800000,0x0000000082a7d470,0x0000000084a80000)
 Metaspace       used 34005K, capacity 35446K, committed 35496K, reserved 1079296K
  class space    used 4512K, capacity 4819K, committed 4864K, reserved 1048576K
}
Event: 11.866 GC heap before
{Heap before GC invocations=11 (full 2):
 PSYoungGen      total 210432K, used 8206K [0x00000000d5d80000, 0x00000000e9e00000, 0x0000000100000000)
  eden space 196096K, 0% used [0x00000000d5d80000,0x00000000d5d80000,0x00000000e1d00000)
  from space 14336K, 57% used [0x00000000e1d00000,0x00000000e25038b8,0x00000000e2b00000)
  to   space 13824K, 0% used [0x00000000e9080000,0x00000000e9080000,0x00000000e9e00000)
 ParOldGen       total 51712K, used 18933K [0x0000000081800000, 0x0000000084a80000, 0x00000000d5d80000)
  object space 51712K, 36% used [0x0000000081800000,0x0000000082a7d470,0x0000000084a80000)
 Metaspace       used 34005K, capacity 35446K, committed 35496K, reserved 1079296K
  class space    used 4512K, capacity 4819K, committed 4864K, reserved 1048576K
Event: 11.943 GC heap after
Heap after GC invocations=11 (full 2):
 PSYoungGen      total 210432K, used 0K [0x00000000d5d80000, 0x00000000e9e00000, 0x0000000100000000)
  eden space 196096K, 0% used [0x00000000d5d80000,0x00000000d5d80000,0x00000000e1d00000)
  from space 14336K, 0% used [0x00000000e1d00000,0x00000000e1d00000,0x00000000e2b00000)
  to   space 13824K, 0% used [0x00000000e9080000,0x00000000e9080000,0x00000000e9e00000)
 ParOldGen       total 77312K, used 22222K [0x0000000081800000, 0x0000000086380000, 0x00000000d5d80000)
  object space 77312K, 28% used [0x0000000081800000,0x0000000082db3b10,0x0000000086380000)
 Metaspace       used 34005K, capacity 35446K, committed 35496K, reserved 1079296K
  class space    used 4512K, capacity 4819K, committed 4864K, reserved 1048576K
}
Event: 14.083 GC heap before
{Heap before GC invocations=12 (full 2):
 PSYoungGen      total 210432K, used 196096K [0x00000000d5d80000, 0x00000000e9e00000, 0x0000000100000000)
  eden space 196096K, 100% used [0x00000000d5d80000,0x00000000e1d00000,0x00000000e1d00000)
  from space 14336K, 0% used [0x00000000e1d00000,0x00000000e1d00000,0x00000000e2b00000)
  to   space 13824K, 0% used [0x00000000e9080000,0x00000000e9080000,0x00000000e9e00000)
 ParOldGen       total 77312K, used 22222K [0x0000000081800000, 0x0000000086380000, 0x00000000d5d80000)
  object space 77312K, 28% used [0x0000000081800000,0x0000000082db3b10,0x0000000086380000)
 Metaspace       used 40423K, capacity 41966K, committed 42240K, reserved 1085440K
  class space    used 5241K, capacity 5559K, committed 5632K, reserved 1048576K
Event: 14.093 GC heap after
Heap after GC invocations=12 (full 2):
 PSYoungGen      total 297472K, used 10968K [0x00000000d5d80000, 0x00000000e9b80000, 0x0000000100000000)
  eden space 286208K, 0% used [0x00000000d5d80000,0x00000000d5d80000,0x00000000e7500000)
  from space 11264K, 97% used [0x00000000e9080000,0x00000000e9b36088,0x00000000e9b80000)
  to   space 14336K, 0% used [0x00000000e7f80000,0x00000000e7f80000,0x00000000e8d80000)
 ParOldGen       total 77312K, used 22230K [0x0000000081800000, 0x0000000086380000, 0x00000000d5d80000)
  object space 77312K, 28% used [0x0000000081800000,0x0000000082db5b10,0x0000000086380000)
 Metaspace       used 40423K, capacity 41966K, committed 42240K, reserved 1085440K
  class space    used 5241K, capacity 5559K, committed 5632K, reserved 1048576K
}
Event: 19.483 GC heap before
{Heap before GC invocations=13 (full 2):
 PSYoungGen      total 297472K, used 297176K [0x00000000d5d80000, 0x00000000e9b80000, 0x0000000100000000)
  eden space 286208K, 100% used [0x00000000d5d80000,0x00000000e7500000,0x00000000e7500000)
  from space 11264K, 97% used [0x00000000e9080000,0x00000000e9b36088,0x00000000e9b80000)
  to   space 14336K, 0% used [0x00000000e7f80000,0x00000000e7f80000,0x00000000e8d80000)
 ParOldGen       total 77312K, used 22230K [0x0000000081800000, 0x0000000086380000, 0x00000000d5d80000)
  object space 77312K, 28% used [0x0000000081800000,0x0000000082db5b10,0x0000000086380000)
 Metaspace       used 50596K, capacity 52560K, committed 52864K, reserved 1095680K
  class space    used 6572K, capacity 6963K, committed 7040K, reserved 1048576K
Event: 19.531 GC heap after
Heap after GC invocations=13 (full 2):
 PSYoungGen      total 311296K, used 14326K [0x00000000d5d80000, 0x00000000f1380000, 0x0000000100000000)
  eden space 296960K, 0% used [0x00000000d5d80000,0x00000000d5d80000,0x00000000e7f80000)
  from space 14336K, 99% used [0x00000000e7f80000,0x00000000e8d7d890,0x00000000e8d80000)
  to   space 18432K, 0% used [0x00000000f0180000,0x00000000f0180000,0x00000000f1380000)
 ParOldGen       total 77312K, used 28701K [0x0000000081800000, 0x0000000086380000, 0x00000000d5d80000)
  object space 77312K, 37% used [0x0000000081800000,0x00000000834076c8,0x0000000086380000)
 Metaspace       used 50596K, capacity 52560K, committed 52864K, reserved 1095680K
  class space    used 6572K, capacity 6963K, committed 7040K, reserved 1048576K
}
Event: 3129.536 GC heap before
{Heap before GC invocations=14 (full 2):
 PSYoungGen      total 311296K, used 311286K [0x00000000d5d80000, 0x00000000f1380000, 0x0000000100000000)
  eden space 296960K, 100% used [0x00000000d5d80000,0x00000000e7f80000,0x00000000e7f80000)
  from space 14336K, 99% used [0x00000000e7f80000,0x00000000e8d7d890,0x00000000e8d80000)
  to   space 18432K, 0% used [0x00000000f0180000,0x00000000f0180000,0x00000000f1380000)
 ParOldGen       total 77312K, used 28701K [0x0000000081800000, 0x0000000086380000, 0x00000000d5d80000)
  object space 77312K, 37% used [0x0000000081800000,0x00000000834076c8,0x0000000086380000)
 Metaspace       used 55273K, capacity 57338K, committed 57600K, reserved 1099776K
  class space    used 7164K, capacity 7588K, committed 7680K, reserved 1048576K
Event: 3129.553 GC heap after
Heap after GC invocations=14 (full 2):
 PSYoungGen      total 430592K, used 9034K [0x00000000d5d80000, 0x00000000f1700000, 0x0000000100000000)
  eden space 412160K, 0% used [0x00000000d5d80000,0x00000000d5d80000,0x00000000ef000000)
  from space 18432K, 49% used [0x00000000f0180000,0x00000000f0a52950,0x00000000f1380000)
  to   space 17920K, 0% used [0x00000000ef000000,0x00000000ef000000,0x00000000f0180000)
 ParOldGen       total 77312K, used 36227K [0x0000000081800000, 0x0000000086380000, 0x00000000d5d80000)
  object space 77312K, 46% used [0x0000000081800000,0x0000000083b60f68,0x0000000086380000)
 Metaspace       used 55273K, capacity 57338K, committed 57600K, reserved 1099776K
  class space    used 7164K, capacity 7588K, committed 7680K, reserved 1048576K
}

Deoptimization events (0 events):
No events

Classes redefined (0 events):
No events

Internal exceptions (10 events):
Event: 3926.882 Thread 0x000000001e3cd000 Exception <a 'java/net/UnknownHostException': hadoop03> (0x00000000db3d8698) thrown at [C:\re\workspace\8-2-build-windows-amd64-cygwin\jdk8u181\11358\hotspot\src\share\vm\prims\jni.cpp, line 735]
Event: 3934.699 Thread 0x000000001e3c8000 Exception <a 'java/net/UnknownHostException': hadoop01> (0x00000000db556c50) thrown at [C:\re\workspace\8-2-build-windows-amd64-cygwin\jdk8u181\11358\hotspot\src\share\vm\prims\jni.cpp, line 735]
Event: 3937.079 Thread 0x000000001e3c8000 Exception <a 'java/net/UnknownHostException': hadoop02> (0x00000000db558a78) thrown at [C:\re\workspace\8-2-build-windows-amd64-cygwin\jdk8u181\11358\hotspot\src\share\vm\prims\jni.cpp, line 735]
Event: 3939.412 Thread 0x000000001e3cd000 Exception <a 'java/net/UnknownHostException': hadoop03> (0x00000000db7544c0) thrown at [C:\re\workspace\8-2-build-windows-amd64-cygwin\jdk8u181\11358\hotspot\src\share\vm\prims\jni.cpp, line 735]
Event: 3947.393 Thread 0x000000001e3cd000 Exception <a 'java/net/UnknownHostException': hadoop01> (0x00000000db776e80) thrown at [C:\re\workspace\8-2-build-windows-amd64-cygwin\jdk8u181\11358\hotspot\src\share\vm\prims\jni.cpp, line 735]
Event: 3949.724 Thread 0x000000001e3c8000 Exception <a 'java/net/UnknownHostException': hadoop02> (0x00000000db580028) thrown at [C:\re\workspace\8-2-build-windows-amd64-cygwin\jdk8u181\11358\hotspot\src\share\vm\prims\jni.cpp, line 735]
Event: 3952.054 Thread 0x000000001e3cd000 Exception <a 'java/net/UnknownHostException': hadoop03> (0x00000000db77a968) thrown at [C:\re\workspace\8-2-build-windows-amd64-cygwin\jdk8u181\11358\hotspot\src\share\vm\prims\jni.cpp, line 735]
Event: 3958.468 Thread 0x000000001e3cd000 Exception <a 'java/net/UnknownHostException': hadoop01> (0x00000000db79c348) thrown at [C:\re\workspace\8-2-build-windows-amd64-cygwin\jdk8u181\11358\hotspot\src\share\vm\prims\jni.cpp, line 735]
Event: 10977.740 Thread 0x000000001e3c8800 Exception <a 'java/net/UnknownHostException': hadoop03> (0x00000000db4ffc48) thrown at [C:\re\workspace\8-2-build-windows-amd64-cygwin\jdk8u181\11358\hotspot\src\share\vm\prims\jni.cpp, line 735]
Event: 10977.743 Thread 0x000000001e3c8000 Exception <a 'java/net/UnknownHostException': hadoop02> (0x00000000db5aabe8) thrown at [C:\re\workspace\8-2-build-windows-amd64-cygwin\jdk8u181\11358\hotspot\src\share\vm\prims\jni.cpp, line 735]

Events (10 events):
Event: 3958.654 Thread 0x000000001e3cd000 DEOPT PACKING pc=0x00000000039946c4 sp=0x000000002201e870
Event: 3958.654 Thread 0x000000001e3cd000 DEOPT UNPACKING pc=0x0000000002f07890 sp=0x000000002201e560 mode 1
Event: 3958.654 Thread 0x000000001e3cd000 DEOPT PACKING pc=0x000000000398cf41 sp=0x000000002201e5e0
Event: 3958.654 Thread 0x000000001e3cd000 DEOPT UNPACKING pc=0x0000000002f07890 sp=0x000000002201e358 mode 1
Event: 3958.654 Thread 0x000000001e3cd000 DEOPT PACKING pc=0x0000000003990224 sp=0x000000002201e680
Event: 3958.654 Thread 0x000000001e3cd000 DEOPT UNPACKING pc=0x0000000002f07890 sp=0x000000002201e488 mode 1
Event: 3958.654 Thread 0x000000001e3cd000 DEOPT PACKING pc=0x000000000399ca54 sp=0x000000002201e840
Event: 3958.654 Thread 0x000000001e3cd000 DEOPT UNPACKING pc=0x0000000002f07890 sp=0x000000002201e590 mode 1
Event: 3958.654 Thread 0x000000001e3cd000 DEOPT PACKING pc=0x000000000399b474 sp=0x000000002201e950
Event: 3958.654 Thread 0x000000001e3cd000 DEOPT UNPACKING pc=0x0000000002f07890 sp=0x000000002201e6f0 mode 1


Dynamic libraries:
0x00007ff70b610000 - 0x00007ff70b647000 	C:\Program Files\Java\jdk1.8.0_181\bin\java.exe
0x00007ffa082a0000 - 0x00007ffa08481000 	C:\WINDOWS\SYSTEM32\ntdll.dll
0x00007ffa05b70000 - 0x00007ffa05c22000 	C:\WINDOWS\System32\KERNEL32.DLL
0x00007ffa04fd0000 - 0x00007ffa05243000 	C:\WINDOWS\System32\KERNELBASE.dll
0x00007ffa07e40000 - 0x00007ffa07ee1000 	C:\WINDOWS\System32\ADVAPI32.dll
0x00007ffa06140000 - 0x00007ffa061de000 	C:\WINDOWS\System32\msvcrt.dll
0x00007ffa081e0000 - 0x00007ffa0823b000 	C:\WINDOWS\System32\sechost.dll
0x00007ffa07b10000 - 0x00007ffa07c34000 	C:\WINDOWS\System32\RPCRT4.dll
0x00007ffa05760000 - 0x00007ffa058f0000 	C:\WINDOWS\System32\USER32.dll
0x00007ffa04f00000 - 0x00007ffa04f20000 	C:\WINDOWS\System32\win32u.dll
0x00007ffa05730000 - 0x00007ffa05758000 	C:\WINDOWS\System32\GDI32.dll
0x00007ffa05250000 - 0x00007ffa053e2000 	C:\WINDOWS\System32\gdi32full.dll
0x00007ffa04e60000 - 0x00007ffa04eff000 	C:\WINDOWS\System32\msvcp_win.dll
0x00007ffa055e0000 - 0x00007ffa056da000 	C:\WINDOWS\System32\ucrtbase.dll
0x00007ff9f0040000 - 0x00007ff9f02a9000 	C:\WINDOWS\WinSxS\amd64_microsoft.windows.common-controls_6595b64144ccf1df_6.0.17134.345_none_fb429a5930656358\COMCTL32.dll
0x00007ffa077e0000 - 0x00007ffa07b03000 	C:\WINDOWS\System32\combase.dll
0x00007ffa046d0000 - 0x00007ffa0474a000 	C:\WINDOWS\System32\bcryptPrimitives.dll
0x00007ffa08240000 - 0x00007ffa0826d000 	C:\WINDOWS\System32\IMM32.DLL
0x00000000609b0000 - 0x0000000060a82000 	C:\Program Files\Java\jdk1.8.0_181\jre\bin\msvcr100.dll
0x0000000060100000 - 0x00000000609a2000 	C:\Program Files\Java\jdk1.8.0_181\jre\bin\server\jvm.dll
0x00007ffa05c30000 - 0x00007ffa05c38000 	C:\WINDOWS\System32\PSAPI.DLL
0x00007ffa012a0000 - 0x00007ffa012c3000 	C:\WINDOWS\SYSTEM32\WINMM.dll
0x00007ff9f8fe0000 - 0x00007ff9f8fea000 	C:\WINDOWS\SYSTEM32\VERSION.dll
0x00007ffa01240000 - 0x00007ffa0126a000 	C:\WINDOWS\SYSTEM32\WINMMBASE.dll
0x00007ffa056e0000 - 0x00007ffa05729000 	C:\WINDOWS\System32\cfgmgr32.dll
0x00007ff9f8e00000 - 0x00007ff9f8e09000 	C:\WINDOWS\SYSTEM32\WSOCK32.dll
0x00007ffa08170000 - 0x00007ffa081dc000 	C:\WINDOWS\System32\WS2_32.dll
0x00000000600f0000 - 0x00000000600ff000 	C:\Program Files\Java\jdk1.8.0_181\jre\bin\verify.dll
0x00000000600c0000 - 0x00000000600e9000 	C:\Program Files\Java\jdk1.8.0_181\jre\bin\java.dll
0x000000005ff40000 - 0x000000005ff75000 	C:\Program Files\Java\jdk1.8.0_181\jre\bin\jdwp.dll
0x000000005ff30000 - 0x000000005ff38000 	C:\Program Files\Java\jdk1.8.0_181\jre\bin\npt.dll
0x000000005ff00000 - 0x000000005ff23000 	C:\Program Files\Java\jdk1.8.0_181\jre\bin\instrument.dll
0x00000000600a0000 - 0x00000000600b6000 	C:\Program Files\Java\jdk1.8.0_181\jre\bin\zip.dll
0x00007ffa06240000 - 0x00007ffa0767f000 	C:\WINDOWS\System32\SHELL32.dll
0x00007ffa07d10000 - 0x00007ffa07db9000 	C:\WINDOWS\System32\shcore.dll
0x00007ffa04750000 - 0x00007ffa04e5d000 	C:\WINDOWS\System32\windows.storage.dll
0x00007ffa07de0000 - 0x00007ffa07e31000 	C:\WINDOWS\System32\shlwapi.dll
0x00007ffa04620000 - 0x00007ffa04631000 	C:\WINDOWS\System32\kernel.appcore.dll
0x00007ffa045b0000 - 0x00007ffa045cf000 	C:\WINDOWS\System32\profapi.dll
0x00007ffa045d0000 - 0x00007ffa0461c000 	C:\WINDOWS\System32\powrprof.dll
0x00007ffa04640000 - 0x00007ffa0464a000 	C:\WINDOWS\System32\FLTLIB.DLL
0x000000005fef0000 - 0x000000005fef9000 	C:\Program Files\Java\jdk1.8.0_181\jre\bin\dt_socket.dll
0x00007ffa03dd0000 - 0x00007ffa03e36000 	C:\WINDOWS\system32\mswsock.dll
0x000000005fee0000 - 0x000000005feed000 	C:\Program Files\Java\jdk1.8.0_181\jre\bin\management.dll
0x0000000060080000 - 0x000000006009a000 	C:\Program Files\Java\jdk1.8.0_181\jre\bin\net.dll
0x0000000060060000 - 0x0000000060071000 	C:\Program Files\Java\jdk1.8.0_181\jre\bin\nio.dll
0x00007ff9f0b00000 - 0x00007ff9f0b16000 	C:\WINDOWS\system32\napinsp.dll
0x00007ff9f0800000 - 0x00007ff9f081a000 	C:\WINDOWS\system32\pnrpnsp.dll
0x00007ffa01270000 - 0x00007ffa01289000 	C:\WINDOWS\system32\NLAapi.dll
0x00007ffa03ba0000 - 0x00007ffa03c5e000 	C:\WINDOWS\SYSTEM32\DNSAPI.dll
0x00007ffa05ce0000 - 0x00007ffa05ce8000 	C:\WINDOWS\System32\NSI.dll
0x00007ffa03b50000 - 0x00007ffa03b88000 	C:\WINDOWS\SYSTEM32\IPHLPAPI.DLL
0x00007ff9f07d0000 - 0x00007ff9f07de000 	C:\WINDOWS\System32\winrnr.dll
0x00007ff9fc830000 - 0x00007ff9fc83a000 	C:\Windows\System32\rasadhlp.dll
0x00007ff9fc9d0000 - 0x00007ff9fca42000 	C:\WINDOWS\System32\fwpuclnt.dll
0x00007ffa040b0000 - 0x00007ffa040d5000 	C:\WINDOWS\SYSTEM32\bcrypt.dll
0x00007ffa03f80000 - 0x00007ffa03f97000 	C:\WINDOWS\SYSTEM32\CRYPTSP.dll
0x00007ffa039b0000 - 0x00007ffa039e3000 	C:\WINDOWS\system32\rsaenh.dll
0x00007ffa044e0000 - 0x00007ffa04508000 	C:\WINDOWS\SYSTEM32\USERENV.dll
0x00007ffa03fa0000 - 0x00007ffa03fab000 	C:\WINDOWS\SYSTEM32\CRYPTBASE.dll
0x00007ff9ff9b0000 - 0x00007ff9ff9c6000 	C:\WINDOWS\SYSTEM32\dhcpcsvc6.DLL
0x00007ff9ffa00000 - 0x00007ff9ffa1a000 	C:\WINDOWS\SYSTEM32\dhcpcsvc.DLL
0x000000005feb0000 - 0x000000005fed4000 	C:\Program Files\Java\jdk1.8.0_181\jre\bin\sunec.dll
0x00007ff9f1820000 - 0x00007ff9f19e9000 	C:\WINDOWS\SYSTEM32\dbghelp.dll

VM Arguments:
jvm_args: -agentlib:jdwp=transport=dt_socket,address=127.0.0.1:58419,suspend=y,server=n -XX:TieredStopAtLevel=1 -Xverify:none -Dspring.output.ansi.enabled=always -Dcom.sun.management.jmxremote -Dcom.sun.management.jmxremote.port=58417 -Dcom.sun.management.jmxremote.authenticate=false -Dcom.sun.management.jmxremote.ssl=false -Djava.rmi.server.hostname=localhost -Dspring.liveBeansView.mbeanDomain -Dspring.application.admin.enabled=true -javaagent:C:\Users\wangshu\.IntelliJIdea2018.2\system\captureAgent\debugger-agent.jar=file:/C:/Users/wangshu/AppData/Local/Temp/capture.props -Dfile.encoding=UTF-8 
java_command: com.test.ThreaddemoApplication
java_class_path (initial): C:\Program Files\Java\jdk1.8.0_181\jre\lib\charsets.jar;C:\Program Files\Java\jdk1.8.0_181\jre\lib\deploy.jar;C:\Program Files\Java\jdk1.8.0_181\jre\lib\ext\access-bridge-64.jar;C:\Program Files\Java\jdk1.8.0_181\jre\lib\ext\cldrdata.jar;C:\Program Files\Java\jdk1.8.0_181\jre\lib\ext\dnsns.jar;C:\Program Files\Java\jdk1.8.0_181\jre\lib\ext\jaccess.jar;C:\Program Files\Java\jdk1.8.0_181\jre\lib\ext\jfxrt.jar;C:\Program Files\Java\jdk1.8.0_181\jre\lib\ext\localedata.jar;C:\Program Files\Java\jdk1.8.0_181\jre\lib\ext\nashorn.jar;C:\Program Files\Java\jdk1.8.0_181\jre\lib\ext\sunec.jar;C:\Program Files\Java\jdk1.8.0_181\jre\lib\ext\sunjce_provider.jar;C:\Program Files\Java\jdk1.8.0_181\jre\lib\ext\sunmscapi.jar;C:\Program Files\Java\jdk1.8.0_181\jre\lib\ext\sunpkcs11.jar;C:\Program Files\Java\jdk1.8.0_181\jre\lib\ext\zipfs.jar;C:\Program Files\Java\jdk1.8.0_181\jre\lib\javaws.jar;C:\Program Files\Java\jdk1.8.0_181\jre\lib\jce.jar;C:\Program Files\Java\jdk1.8.0_181\jre\lib\jfr.jar;C:\Program Files\Java\jdk1.8.0_181\jre\lib\jfxswt.jar;C:\Program Files\Java\jdk1.8.0_181\jre\lib\jsse.jar;C:\Program Files\Java\jdk1.8.0_181\jre\lib\management-agent.jar;C:\Program Files\Java\jdk1.8.0_181\jre\lib\plugin.jar;C:\Program Files\Java\jdk1.8.0_181\jre\lib\resources.jar;C:\Program Files\Java\jdk1.8.0_181\jre\lib\rt.jar;F:\ideaworkspace\dfgxdemo\target\classes;E:\anzhuang\mvnRepository\org\springframework\boot\spring-boot-starter-data-redis\2.0.6.RELEASE\spring-boot-starter-data-redis-2.0.6.RELEASE.jar;E:\anzhuang\mvnRepository\org\springframework\boot\spring-boot-starter\2.0.6.RELEASE\spring-boot-starter-2.0.6.RELEASE.jar;E:\anzhuang\mvnRepository\org\springframework\boot\spring-boot\2.0.6.RELEASE\spring-boot-2.0.6.RELEASE.jar;E:\anzhuang\mvnRepository\org\springframework\boot\spring-boot-autoconfigure\2.0.6.RELEASE\spring-boot-autoconfigure-2.0.6.RELEASE.jar;E:\anzhuang\mvnRepository\org\springframework\boot\spring-boot-starter-logging\2.0.6.RELEASE\sprin
Launcher Type: SUN_STANDARD

Environment Variables:
JAVA_HOME=E:\Java\jdk1.8
CLASSPATH=E:\Java\jdk1.8\lib\dt.jar;E:\Java\jdk1.8\lib\tools.jar
PATH=C:\Program Files (x86)\Common Files\Oracle\Java\javapath;C:\WINDOWS\system32;C:\WINDOWS;C:\WINDOWS\System32\Wbem;C:\WINDOWS\System32\WindowsPowerShell\v1.0\;E:\Java\jdk1.8\bin;E:\Java\jdk1.8\jre\bin;E:\anzhuang\apache-maven-3.5.3\bin;C:\Program Files\MySQL\MySQL Server 5.7\bin;G:\nodejs811;E:\Git\cmd;E:\Ruby23-x64\bin;E:\Python\Python36;E:\Python\Python36\Lib\site-packages\Django-2.0.2-py3.6.egg\django;C:\Program Files\dotnet\;F:\gofile;G:\»»≥…œÒ\ffmpeg\bin;%S;STEMROOT%\System32\OpenSSH\;E:\gradle-4.7-bin\gradle-4.7\bin;C:\Program Files\MySQL\MySQL Utilities 1.6\;E:\anzhuang\Git\cmd;C:\Users\wangshu\AppData\Local\Microsoft\WindowsApps
USERNAME=wangshu
OS=Windows_NT
PROCESSOR_IDENTIFIER=Intel64 Family 6 Model 60 Stepping 3, GenuineIntel



---------------  S Y S T E M  ---------------

OS: Windows 10.0 , 64 bit Build 17134 (10.0.17134.1)

CPU:total 4 (initial active 4) (4 cores per cpu, 1 threads per core) family 6 model 60 stepping 3, cmov, cx8, fxsr, mmx, sse, sse2, sse3, ssse3, sse4.1, sse4.2, popcnt, avx, avx2, aes, clmul, erms, lzcnt, tsc, tscinvbit, bmi1, bmi2

Memory: 4k page, physical 8286144k(4305508k free), swap 11825088k(6302956k free)

vm_info: Java HotSpot(TM) 64-Bit Server VM (25.181-b13) for windows-amd64 JRE (1.8.0_181-b13), built on Jul  7 2018 04:01:33 by "java_re" with MS VC++ 10.0 (VS2010)

time: Wed Oct 31 13:41:43 2018
elapsed time: 10986 seconds (0d 3h 3m 6s)

